Using pre-set license
Built from '2020.3/release' branch; Version is '2020.3.2f1 (8fd9074bf66c) revision 9427207'; Using compiler version '192528614'; Build Type 'Release'
OS: 'Windows 10 Pro; OS build 19042.867; Version 2009; 64bit' Language: 'en' Physical Memory: 8033 MB
BatchMode: 1, IsHumanControllingUs: 0, StartBugReporterOnCrash: 0, Is64bit: 1, IsPro: 0

 COMMAND LINE ARGUMENTS:
C:\Program Files\Unity\Editor\Unity.exe
-adb2
-batchMode
-noUpm
-name
AssetImportWorker0
-projectPath
C:/Users/hp/Documents/GitHub/Level-Selection-Screen
-logFile
Logs/AssetImportWorker0.log
-srvPort
10057
Successfully changed project path to: C:/Users/hp/Documents/GitHub/Level-Selection-Screen
C:/Users/hp/Documents/GitHub/Level-Selection-Screen
Using Asset Import Pipeline V2.
Refreshing native plugins compatible for Editor in 45.37 ms, found 1 plugins.
Preloading 0 native plugins for Editor in 0.00 ms.
Initialize engine version: 2020.3.2f1 (8fd9074bf66c)
[Subsystems] Discovering subsystems at path C:/Program Files/Unity/Editor/Data/Resources/UnitySubsystems
[Subsystems] Discovering subsystems at path C:/Users/hp/Documents/GitHub/Level-Selection-Screen/Assets
GfxDevice: creating device client; threaded=0
Direct3D:
    Version:  Direct3D 11.0 [level 11.1]
    Renderer: NVIDIA GeForce GTX 1050 (ID=0x1c91)
    Vendor:   
    VRAM:     2996 MB
    Driver:   27.21.14.6663
Initialize mono
Mono path[0] = 'C:/Program Files/Unity/Editor/Data/Managed'
Mono path[1] = 'C:/Program Files/Unity/Editor/Data/MonoBleedingEdge/lib/mono/unityjit'
Mono config path = 'C:/Program Files/Unity/Editor/Data/MonoBleedingEdge/etc'
Using monoOptions --debugger-agent=transport=dt_socket,embedding=1,server=y,suspend=n,address=127.0.0.1:56164
Begin MonoManager ReloadAssembly
Registering precompiled unity dll's ...
Register platform support module: C:/Program Files/Unity/Editor/Data/PlaybackEngines/WindowsStandaloneSupport/UnityEditor.WindowsStandalone.Extensions.dll
Registered in 0.001875 seconds.
Native extension for WindowsStandalone target not found
Refreshing native plugins compatible for Editor in 37.77 ms, found 1 plugins.
Preloading 0 native plugins for Editor in 0.00 ms.
Invoked RoslynAnalysisRunner static constructor.
RoslynAnalysisRunner will not be running.
RoslynAnalysisRunner has terminated.
Mono: successfully reloaded assembly
- Completed reload, in  1.006 seconds
Platform modules already initialized, skipping
Registering precompiled user dll's ...
Registered in 0.000957 seconds.
Begin MonoManager ReloadAssembly
Native extension for WindowsStandalone target not found
Refreshing native plugins compatible for Editor in 38.27 ms, found 1 plugins.
Preloading 0 native plugins for Editor in 0.00 ms.
Invoked RoslynAnalysisRunner static constructor.
RoslynAnalysisRunner will not be running.
RoslynAnalysisRunner has terminated.
Mono: successfully reloaded assembly
- Completed reload, in  0.877 seconds
Platform modules already initialized, skipping
========================================================================
Worker process is ready to serve import requests
Launched and connected shader compiler UnityShaderCompiler.exe after 0.04 seconds
Refreshing native plugins compatible for Editor in 0.40 ms, found 1 plugins.
Preloading 0 native plugins for Editor in 0.00 ms.
Unloading 1874 Unused Serialized files (Serialized files now loaded: 0)
System memory in use before: 88.6 MB.
System memory in use after: 88.6 MB.

Unloading 24 unused Assets to reduce memory usage. Loaded Objects now: 2317.
Total: 2.218400 ms (FindLiveObjects: 0.190300 ms CreateObjectMapping: 0.085000 ms MarkObjects: 1.822800 ms  DeleteObjects: 0.119300 ms)

========================================================================
Received Import Request.
  path: Assets/Modern UI Pack/Textures/Border/Circles/Circle Outline - Stroke 12px.png
  artifactKey: Guid(4d524fbec1ad7524f8e44324e211e893) Importer(815301076,1909f56bfc062723c751e8b465ee728b)
Start importing Assets/Modern UI Pack/Textures/Border/Circles/Circle Outline - Stroke 12px.png using Guid(4d524fbec1ad7524f8e44324e211e893) Importer(815301076,1909f56bfc062723c751e8b465ee728b)  -> (artifact id: '4a1f64bb8ddefa36596f67a626496b5a') in 0.118847 seconds
  Import took 0.121759 seconds .

========================================================================
Received Import Request.
  Time since last request: 0.000495 seconds.
  path: Assets/Modern UI Pack/Textures/Border/Circles/Circle Outline Dash - Stroke 3px.png
  artifactKey: Guid(24de22fe090ea2a4b932c13f1b3be37d) Importer(815301076,1909f56bfc062723c751e8b465ee728b)
Start importing Assets/Modern UI Pack/Textures/Border/Circles/Circle Outline Dash - Stroke 3px.png using Guid(24de22fe090ea2a4b932c13f1b3be37d) Importer(815301076,1909f56bfc062723c751e8b465ee728b)  -> (artifact id: '234f0070a194c3dee3e7a29c5902092d') in 0.013353 seconds
  Import took 0.017205 seconds .

========================================================================
Received Import Request.
  Time since last request: 0.000269 seconds.
  path: Assets/Modern UI Pack/Textures/Border/Circles/Circle Outline - Stroke 16px.png
  artifactKey: Guid(aa2a89f62c544a54692da9f0c22a44e2) Importer(815301076,1909f56bfc062723c751e8b465ee728b)
Start importing Assets/Modern UI Pack/Textures/Border/Circles/Circle Outline - Stroke 16px.png using Guid(aa2a89f62c544a54692da9f0c22a44e2) Importer(815301076,1909f56bfc062723c751e8b465ee728b)  -> (artifact id: 'c6d68b8b10953da45e3ac0c21f7fd81c') in 0.015695 seconds
  Import took 0.018747 seconds .

========================================================================
Received Import Request.
  Time since last request: 0.000265 seconds.
  path: Assets/Modern UI Pack/Textures/Border/Circles/Circle Outline - Stroke 20px.png
  artifactKey: Guid(eb5b293700185344e9c5653bb0e49c0c) Importer(815301076,1909f56bfc062723c751e8b465ee728b)
Start importing Assets/Modern UI Pack/Textures/Border/Circles/Circle Outline - Stroke 20px.png using Guid(eb5b293700185344e9c5653bb0e49c0c) Importer(815301076,1909f56bfc062723c751e8b465ee728b)  -> (artifact id: 'aac9b7b234670c3aa6beade82a56099a') in 0.015645 seconds
  Import took 0.020373 seconds .

========================================================================
Received Import Request.
  Time since last request: 0.000299 seconds.
  path: Assets/Modern UI Pack/Textures/Border/Circles/Circle Outline - Stroke 8px.png
  artifactKey: Guid(9421aca318e009a4792d1bb95480e2f9) Importer(815301076,1909f56bfc062723c751e8b465ee728b)
Start importing Assets/Modern UI Pack/Textures/Border/Circles/Circle Outline - Stroke 8px.png using Guid(9421aca318e009a4792d1bb95480e2f9) Importer(815301076,1909f56bfc062723c751e8b465ee728b)  -> (artifact id: 'bffe2ceb21cd896b6b7018e9d8e4f4f7') in 0.014386 seconds
  Import took 0.018105 seconds .

========================================================================
Received Import Request.
  Time since last request: 0.000323 seconds.
  path: Assets/Modern UI Pack/Textures/Border/Circles/Circle Outline - Stroke 3px.png
  artifactKey: Guid(2210141fc23cbcf438279f50eb4fcd74) Importer(815301076,1909f56bfc062723c751e8b465ee728b)
Start importing Assets/Modern UI Pack/Textures/Border/Circles/Circle Outline - Stroke 3px.png using Guid(2210141fc23cbcf438279f50eb4fcd74) Importer(815301076,1909f56bfc062723c751e8b465ee728b)  -> (artifact id: '028cfed2e3bf24fbd70d106b2321d756') in 0.018776 seconds
  Import took 0.021938 seconds .

========================================================================
Received Import Request.
  Time since last request: 0.000195 seconds.
  path: Assets/Modern UI Pack/Textures/Border/Circles/Circle Outline - Stroke 5px.png
  artifactKey: Guid(0dba7f4bcc17ba64a8acc762f75a6050) Importer(815301076,1909f56bfc062723c751e8b465ee728b)
Start importing Assets/Modern UI Pack/Textures/Border/Circles/Circle Outline - Stroke 5px.png using Guid(0dba7f4bcc17ba64a8acc762f75a6050) Importer(815301076,1909f56bfc062723c751e8b465ee728b)  -> (artifact id: '6ba81ef80091f4c5522870d2666f28f7') in 0.015887 seconds
  Import took 0.019016 seconds .

========================================================================
Received Import Request.
  Time since last request: 0.000251 seconds.
  path: Assets/Modern UI Pack/Textures/Border/Circles/Circle Outline - Stroke 10px.png
  artifactKey: Guid(6b0161e21a59dc14e96feff1ada41989) Importer(815301076,1909f56bfc062723c751e8b465ee728b)
Start importing Assets/Modern UI Pack/Textures/Border/Circles/Circle Outline - Stroke 10px.png using Guid(6b0161e21a59dc14e96feff1ada41989) Importer(815301076,1909f56bfc062723c751e8b465ee728b)  -> (artifact id: 'b8326457b03307c9d267de372c0e65f9') in 0.014253 seconds
  Import took 0.017440 seconds .

========================================================================
Received Import Request.
  Time since last request: 0.000246 seconds.
  path: Assets/Modern UI Pack/Textures/Border/Circles/Circle Outline - Stroke 18px.png
  artifactKey: Guid(193385f2143dfe14ba7e5bf010526989) Importer(815301076,1909f56bfc062723c751e8b465ee728b)
Start importing Assets/Modern UI Pack/Textures/Border/Circles/Circle Outline - Stroke 18px.png using Guid(193385f2143dfe14ba7e5bf010526989) Importer(815301076,1909f56bfc062723c751e8b465ee728b)  -> (artifact id: '2297c559e9f0b121988e6cb8aa8c6d26') in 0.013563 seconds
  Import took 0.017173 seconds .

========================================================================
Received Import Request.
  Time since last request: 0.000270 seconds.
  path: Assets/Modern UI Pack/Textures/Border/Circles/Circle Outline - Stroke 14px.png
  artifactKey: Guid(c8d56a8699823ca46aa7eda6801a483e) Importer(815301076,1909f56bfc062723c751e8b465ee728b)
Start importing Assets/Modern UI Pack/Textures/Border/Circles/Circle Outline - Stroke 14px.png using Guid(c8d56a8699823ca46aa7eda6801a483e) Importer(815301076,1909f56bfc062723c751e8b465ee728b)  -> (artifact id: '0d0aba57e425d42c1cf4c31399fef107') in 0.012444 seconds
  Import took 0.017401 seconds .

========================================================================
Received Import Request.
  Time since last request: 0.000586 seconds.
  path: Assets/Modern UI Pack/Textures/Border/Circles/Circle Filled.png
  artifactKey: Guid(c26a820b2129e2f4eb122efd27df5339) Importer(815301076,1909f56bfc062723c751e8b465ee728b)
Start importing Assets/Modern UI Pack/Textures/Border/Circles/Circle Filled.png using Guid(c26a820b2129e2f4eb122efd27df5339) Importer(815301076,1909f56bfc062723c751e8b465ee728b)  -> (artifact id: '57030507e30be9b6fed530bb36cb6ddd') in 0.015406 seconds
  Import took 0.019817 seconds .

========================================================================
Received Import Request.
  Time since last request: 0.005981 seconds.
  path: Assets/Modern UI Pack/Textures/Border/Circles/Circle Filled.png
  artifactKey: Guid(c26a820b2129e2f4eb122efd27df5339) Importer(815301076,1909f56bfc062723c751e8b465ee728b)
Start importing Assets/Modern UI Pack/Textures/Border/Circles/Circle Filled.png using Guid(c26a820b2129e2f4eb122efd27df5339) Importer(815301076,1909f56bfc062723c751e8b465ee728b)  -> (artifact id: '57030507e30be9b6fed530bb36cb6ddd') in 0.008983 seconds
  Import took 0.012575 seconds .

========================================================================
Received Import Request.
  Time since last request: 5.810959 seconds.
  path: Assets/Modern UI Pack
  artifactKey: Guid(93a03d9c61e19414e874866490794f35) Importer(815301076,1909f56bfc062723c751e8b465ee728b)
Start importing Assets/Modern UI Pack using Guid(93a03d9c61e19414e874866490794f35) Importer(815301076,1909f56bfc062723c751e8b465ee728b)  -> (artifact id: '1cf797d51c92fe6e68365a3004e0f557') in 0.007676 seconds
  Import took 0.010516 seconds .

========================================================================
Received Prepare
Registering precompiled user dll's ...
Registered in 0.000927 seconds.
Begin MonoManager ReloadAssembly
Native extension for WindowsStandalone target not found
Refreshing native plugins compatible for Editor in 0.32 ms, found 1 plugins.
Preloading 0 native plugins for Editor in 0.00 ms.
Invoked RoslynAnalysisRunner static constructor.
RoslynAnalysisRunner will not be running.
RoslynAnalysisRunner has terminated.
Mono: successfully reloaded assembly
- Completed reload, in  0.817 seconds
Platform modules already initialized, skipping
Switching build target platform(5) subTarget(0) extendedPlatform(0) -> platform(13) subTarget(537395200) extendedPlatform(0)
Refreshing native plugins compatible for Editor in 0.31 ms, found 1 plugins.
Preloading 0 native plugins for Editor in 0.00 ms.
Unloading 1809 Unused Serialized files (Serialized files now loaded: 0)
System memory in use before: 89.2 MB.
System memory in use after: 89.2 MB.

Unloading 58 unused Assets to reduce memory usage. Loaded Objects now: 2281.
Total: 2.060500 ms (FindLiveObjects: 0.161700 ms CreateObjectMapping: 0.060700 ms MarkObjects: 1.739700 ms  DeleteObjects: 0.097500 ms)

AssetImportParameters requested are different than current active one (requested -> active):
  custom:graphics/normal-map-encoding: 01000000000000000000000000000000 -> 02000000000000000000000000000000
========================================================================
Received Import Request.
  Time since last request: 10.938589 seconds.
  path: Assets/TextMesh Pro/Fonts/LiberationSans.ttf
  artifactKey: Guid(e3265ab4bf004d28a9537516768c1c75) Importer(815301076,1909f56bfc062723c751e8b465ee728b)
Start importing Assets/TextMesh Pro/Fonts/LiberationSans.ttf using Guid(e3265ab4bf004d28a9537516768c1c75) Importer(815301076,1909f56bfc062723c751e8b465ee728b)  -> (artifact id: 'a9a324215da999632e810aa3c9b0cb5c') in 0.087408 seconds
  Import took 0.090876 seconds .

========================================================================
Received Import Request.
  Time since last request: 0.001692 seconds.
  path: Assets/TextMesh Pro/Fonts/LiberationSans.ttf
  artifactKey: Guid(e3265ab4bf004d28a9537516768c1c75) Importer(815301076,1909f56bfc062723c751e8b465ee728b)
Start importing Assets/TextMesh Pro/Fonts/LiberationSans.ttf using Guid(e3265ab4bf004d28a9537516768c1c75) Importer(815301076,1909f56bfc062723c751e8b465ee728b)  -> (artifact id: 'a9a324215da999632e810aa3c9b0cb5c') in 0.009267 seconds
  Import took 0.012446 seconds .

========================================================================
Received Import Request.
  Time since last request: 1.550884 seconds.
  path: Assets/Button.prefab
  artifactKey: Guid(6d66a8e541cc3804c9067f7a03277275) Importer(815301076,1909f56bfc062723c751e8b465ee728b)
Start importing Assets/Button.prefab using Guid(6d66a8e541cc3804c9067f7a03277275) Importer(815301076,1909f56bfc062723c751e8b465ee728b)  -> (artifact id: '9c8a969f5d13f4ce298b085a518fb324') in 0.033005 seconds
  Import took 0.036224 seconds .

========================================================================
Received Import Request.
  Time since last request: 2.473915 seconds.
  path: Assets/Button.prefab
  artifactKey: Guid(6d66a8e541cc3804c9067f7a03277275) Importer(815301076,1909f56bfc062723c751e8b465ee728b)
Start importing Assets/Button.prefab using Guid(6d66a8e541cc3804c9067f7a03277275) Importer(815301076,1909f56bfc062723c751e8b465ee728b)  -> (artifact id: 'fc273257d05f331a6e2d57d14a074dff') in 0.004643 seconds
  Import took 0.007714 seconds .

========================================================================
Received Prepare
Registering precompiled user dll's ...
Registered in 0.000891 seconds.
Begin MonoManager ReloadAssembly
Native extension for WindowsStandalone target not found
Refreshing native plugins compatible for Editor in 0.32 ms, found 1 plugins.
Preloading 0 native plugins for Editor in 0.00 ms.
Invoked RoslynAnalysisRunner static constructor.
RoslynAnalysisRunner will not be running.
RoslynAnalysisRunner has terminated.
Mono: successfully reloaded assembly
- Completed reload, in  0.786 seconds
Platform modules already initialized, skipping
Switching build target platform(5) subTarget(0) extendedPlatform(0) -> platform(13) subTarget(537395200) extendedPlatform(0)
Refreshing native plugins compatible for Editor in 0.32 ms, found 1 plugins.
Preloading 0 native plugins for Editor in 0.00 ms.
Unloading 1809 Unused Serialized files (Serialized files now loaded: 0)
System memory in use before: 89.5 MB.
System memory in use after: 89.5 MB.

Unloading 12 unused Assets to reduce memory usage. Loaded Objects now: 2328.
Total: 2.011900 ms (FindLiveObjects: 0.171300 ms CreateObjectMapping: 0.061100 ms MarkObjects: 1.689800 ms  DeleteObjects: 0.088700 ms)

AssetImportParameters requested are different than current active one (requested -> active):
  custom:graphics/normal-map-encoding: 01000000000000000000000000000000 -> 02000000000000000000000000000000
========================================================================
Received Prepare
Registering precompiled user dll's ...
Registered in 0.001079 seconds.
Begin MonoManager ReloadAssembly
Native extension for WindowsStandalone target not found
Refreshing native plugins compatible for Editor in 0.47 ms, found 1 plugins.
Preloading 0 native plugins for Editor in 0.00 ms.
Invoked RoslynAnalysisRunner static constructor.
RoslynAnalysisRunner will not be running.
RoslynAnalysisRunner has terminated.
Mono: successfully reloaded assembly
- Completed reload, in  0.784 seconds
Platform modules already initialized, skipping
Switching build target platform(5) subTarget(0) extendedPlatform(0) -> platform(13) subTarget(537395200) extendedPlatform(0)
Refreshing native plugins compatible for Editor in 0.31 ms, found 1 plugins.
Preloading 0 native plugins for Editor in 0.00 ms.
Unloading 1809 Unused Serialized files (Serialized files now loaded: 0)
System memory in use before: 89.5 MB.
System memory in use after: 89.5 MB.

Unloading 12 unused Assets to reduce memory usage. Loaded Objects now: 2332.
Total: 1.922100 ms (FindLiveObjects: 0.235200 ms CreateObjectMapping: 0.075700 ms MarkObjects: 1.518600 ms  DeleteObjects: 0.091400 ms)

AssetImportParameters requested are different than current active one (requested -> active):
  custom:graphics/normal-map-encoding: 01000000000000000000000000000000 -> 02000000000000000000000000000000
AssetImportWorkerClient::OnTransportError - code=2 error=End of file
